[2019-03-11 16:52:32 ] [org.springframework.boot.StartupInfoLogger] [main] [50] [INFO ] Starting AppdemoApplication on Cross-KarOL-PC with PID 2716 (C:\Users\Cross-KarOL\Desktop\appdemo\target\classes started by Cross-KarOL in C:\Users\Cross-KarOL\Desktop\appdemo)
[2019-03-11 16:52:32 ] [org.springframework.boot.StartupInfoLogger] [main] [53] [DEBUG] Running with Spring Boot v2.1.3.RELEASE, Spring v5.1.5.RELEASE
[2019-03-11 16:52:32 ] [org.springframework.boot.SpringApplication] [main] [675] [INFO ] No active profile set, falling back to default profiles: default
[2019-03-11 16:52:34 ] [org.springframework.data.repository.config.RepositoryConfigurationDelegate] [main] [126] [INFO ] Bootstrapping Spring Data repositories in DEFAULT mode.
[2019-03-11 16:52:35 ] [org.springframework.data.repository.config.RepositoryConfigurationDelegate] [main] [182] [INFO ] Finished Spring Data repository scanning in 184ms. Found 3 repository interfaces.
[2019-03-11 16:52:36 ] [org.springframework.context.support.PostProcessorRegistrationDelegate$BeanPostProcessorChecker] [main] [330] [INFO ] Bean 'org.springframework.transaction.annotation.ProxyTransactionManagementConfiguration' of type [org.springframework.transaction.annotation.ProxyTransactionManagementConfiguration$$EnhancerBySpringCGLIB$$71c98d91] is not eligible for getting processed by all BeanPostProcessors (for example: not eligible for auto-proxying)
[2019-03-11 16:52:36 ] [org.springframework.context.support.PostProcessorRegistrationDelegate$BeanPostProcessorChecker] [main] [330] [INFO ] Bean 'org.springframework.security.config.annotation.configuration.ObjectPostProcessorConfiguration' of type [org.springframework.security.config.annotation.configuration.ObjectPostProcessorConfiguration$$EnhancerBySpringCGLIB$$a7755cb] is not eligible for getting processed by all BeanPostProcessors (for example: not eligible for auto-proxying)
[2019-03-11 16:52:36 ] [org.springframework.context.support.PostProcessorRegistrationDelegate$BeanPostProcessorChecker] [main] [330] [INFO ] Bean 'objectPostProcessor' of type [org.springframework.security.config.annotation.configuration.AutowireBeanFactoryObjectPostProcessor] is not eligible for getting processed by all BeanPostProcessors (for example: not eligible for auto-proxying)
[2019-03-11 16:52:36 ] [org.springframework.context.support.PostProcessorRegistrationDelegate$BeanPostProcessorChecker] [main] [330] [INFO ] Bean 'org.springframework.security.access.expression.method.DefaultMethodSecurityExpressionHandler@3b20a3a3' of type [org.springframework.security.access.expression.method.DefaultMethodSecurityExpressionHandler] is not eligible for getting processed by all BeanPostProcessors (for example: not eligible for auto-proxying)
[2019-03-11 16:52:36 ] [org.springframework.context.support.PostProcessorRegistrationDelegate$BeanPostProcessorChecker] [main] [330] [INFO ] Bean 'org.springframework.security.config.annotation.method.configuration.GlobalMethodSecurityConfiguration' of type [org.springframework.security.config.annotation.method.configuration.GlobalMethodSecurityConfiguration$$EnhancerBySpringCGLIB$$2f4bf87d] is not eligible for getting processed by all BeanPostProcessors (for example: not eligible for auto-proxying)
[2019-03-11 16:52:36 ] [org.springframework.context.support.PostProcessorRegistrationDelegate$BeanPostProcessorChecker] [main] [330] [INFO ] Bean 'methodSecurityMetadataSource' of type [org.springframework.security.access.method.DelegatingMethodSecurityMetadataSource] is not eligible for getting processed by all BeanPostProcessors (for example: not eligible for auto-proxying)
[2019-03-11 16:52:36 ] [org.springframework.context.support.PostProcessorRegistrationDelegate$BeanPostProcessorChecker] [main] [330] [INFO ] Bean 'org.springframework.hateoas.config.HateoasConfiguration' of type [org.springframework.hateoas.config.HateoasConfiguration$$EnhancerBySpringCGLIB$$f149dac3] is not eligible for getting processed by all BeanPostProcessors (for example: not eligible for auto-proxying)
[2019-03-11 16:52:38 ] [org.springframework.boot.web.embedded.tomcat.TomcatWebServer] [main] [90] [INFO ] Tomcat initialized with port(s): 8080 (http)
[2019-03-11 16:52:38 ] [org.apache.juli.logging.DirectJDKLog] [main] [173] [INFO ] Initializing ProtocolHandler ["http-nio-8080"]
[2019-03-11 16:52:38 ] [org.apache.juli.logging.DirectJDKLog] [main] [173] [INFO ] Starting service [Tomcat]
[2019-03-11 16:52:38 ] [org.apache.juli.logging.DirectJDKLog] [main] [173] [INFO ] Starting Servlet engine: [Apache Tomcat/9.0.16]
[2019-03-11 16:52:38 ] [org.apache.juli.logging.DirectJDKLog] [main] [173] [INFO ] The APR based Apache Tomcat Native library which allows optimal performance in production environments was not found on the java.library.path: [C:\Program Files\Java\jdk-10.0.1\bin;C:\Windows\Sun\Java\bin;C:\Windows\system32;C:\Windows;C:\Program Files\Java\jdk-10.0.1\bin;C:\Program Files\MySQL\MySQL Server 5.1\bin;C:\Program Files\PuTTY\;C:\apache-maven-3.6.0\bin;.]
[2019-03-11 16:52:38 ] [org.apache.juli.logging.DirectJDKLog] [main] [173] [INFO ] At least one JAR was scanned for TLDs yet contained no TLDs. Enable debug logging for this logger for a complete list of JARs that were scanned but no TLDs were found in them. Skipping unneeded JARs during scanning can improve startup time and JSP compilation time.
[2019-03-11 16:52:39 ] [org.apache.juli.logging.DirectJDKLog] [main] [173] [INFO ] Initializing Spring embedded WebApplicationContext
[2019-03-11 16:52:39 ] [org.springframework.boot.web.servlet.context.ServletWebServerApplicationContext] [main] [288] [DEBUG] Published root WebApplicationContext as ServletContext attribute with name [org.springframework.web.context.WebApplicationContext.ROOT]
[2019-03-11 16:52:39 ] [org.springframework.boot.web.servlet.context.ServletWebServerApplicationContext] [main] [296] [INFO ] Root WebApplicationContext: initialization completed in 6102 ms
[2019-03-11 16:52:39 ] [com.zaxxer.hikari.HikariDataSource] [main] [110] [INFO ] HikariPool-1 - Starting...
[2019-03-11 16:52:40 ] [com.zaxxer.hikari.HikariDataSource] [main] [123] [INFO ] HikariPool-1 - Start completed.
[2019-03-11 16:52:43 ] [org.springframework.orm.jpa.AbstractEntityManagerFactoryBean] [main] [415] [INFO ] Initialized JPA EntityManagerFactory for persistence unit 'default'
[2019-03-11 16:52:45 ] [org.springframework.security.web.DefaultSecurityFilterChain] [main] [43] [INFO ] Creating filter chain: Ant [pattern='/resources/**'], []
[2019-03-11 16:52:45 ] [org.springframework.security.web.DefaultSecurityFilterChain] [main] [43] [INFO ] Creating filter chain: Ant [pattern='/statics/**'], []
[2019-03-11 16:52:45 ] [org.springframework.security.web.DefaultSecurityFilterChain] [main] [43] [INFO ] Creating filter chain: Ant [pattern='/static/css/**'], []
[2019-03-11 16:52:45 ] [org.springframework.security.web.DefaultSecurityFilterChain] [main] [43] [INFO ] Creating filter chain: Ant [pattern='/js/**'], []
[2019-03-11 16:52:46 ] [org.springframework.security.web.DefaultSecurityFilterChain] [main] [43] [INFO ] Creating filter chain: Ant [pattern='/images/**'], []
[2019-03-11 16:52:46 ] [org.springframework.security.web.DefaultSecurityFilterChain] [main] [43] [INFO ] Creating filter chain: Ant [pattern='/incl/**'], []
[2019-03-11 16:52:46 ] [org.springframework.security.web.DefaultSecurityFilterChain] [main] [43] [INFO ] Creating filter chain: any request, [org.springframework.security.web.context.request.async.WebAsyncManagerIntegrationFilter@46ed98f6, org.springframework.security.web.context.SecurityContextPersistenceFilter@48b32fe1, org.springframework.security.web.header.HeaderWriterFilter@50a7da9b, org.springframework.security.web.authentication.logout.LogoutFilter@1a5ac56a, org.springframework.security.web.authentication.UsernamePasswordAuthenticationFilter@566cd33, org.springframework.security.web.savedrequest.RequestCacheAwareFilter@2a0da221, org.springframework.security.web.servletapi.SecurityContextHolderAwareRequestFilter@49b2d21a, org.springframework.security.web.authentication.AnonymousAuthenticationFilter@c25604c, org.springframework.security.web.session.SessionManagementFilter@12a7995d, org.springframework.security.web.access.ExceptionTranslationFilter@596fecac, org.springframework.security.web.access.intercept.FilterSecurityInterceptor@1346591b]
[2019-03-11 16:52:46 ] [org.springframework.web.servlet.handler.SimpleUrlHandlerMapping] [main] [139] [DEBUG] Patterns [/**/favicon.ico] in 'faviconHandlerMapping'
[2019-03-11 16:52:46 ] [org.springframework.scheduling.concurrent.ExecutorConfigurationSupport] [main] [171] [INFO ] Initializing ExecutorService 'applicationTaskExecutor'
[2019-03-11 16:52:46 ] [org.springframework.web.servlet.mvc.method.annotation.RequestMappingHandlerAdapter] [main] [622] [DEBUG] ControllerAdvice beans: 0 @ModelAttribute, 0 @InitBinder, 1 RequestBodyAdvice, 1 ResponseBodyAdvice
[2019-03-11 16:52:46 ] [org.springframework.boot.autoconfigure.orm.jpa.JpaBaseConfiguration$JpaWebConfiguration$JpaWebMvcConfiguration] [main] [236] [WARN ] spring.jpa.open-in-view is enabled by default. Therefore, database queries may be performed during view rendering. Explicitly configure spring.jpa.open-in-view to disable this warning
[2019-03-11 16:52:46 ] [org.springframework.web.servlet.handler.AbstractHandlerMethodMapping] [main] [350] [DEBUG] 17 mappings in 'requestMappingHandlerMapping'
[2019-03-11 16:52:47 ] [org.springframework.web.servlet.handler.SimpleUrlHandlerMapping] [main] [139] [DEBUG] Patterns [/webjars/**, /resources/**] in 'resourceHandlerMapping'
[2019-03-11 16:52:47 ] [org.springframework.web.servlet.mvc.method.annotation.ExceptionHandlerExceptionResolver] [main] [302] [DEBUG] ControllerAdvice beans: 1 @ExceptionHandler, 1 ResponseBodyAdvice
[2019-03-11 16:52:47 ] [org.springframework.boot.autoconfigure.web.servlet.WelcomePageHandlerMapping] [main] [61] [INFO ] Adding welcome page template: index
[2019-03-11 16:52:47 ] [org.springframework.boot.autoconfigure.security.servlet.UserDetailsServiceAutoConfiguration] [main] [86] [INFO ] 

Using generated security password: f9f02d80-e0b7-413d-a81c-15f037df81a5

[2019-03-11 16:52:48 ] [org.apache.juli.logging.DirectJDKLog] [main] [173] [INFO ] Starting ProtocolHandler ["http-nio-8080"]
[2019-03-11 16:52:48 ] [org.springframework.boot.web.embedded.tomcat.TomcatWebServer] [main] [204] [INFO ] Tomcat started on port(s): 8080 (http) with context path ''
[2019-03-11 16:52:48 ] [org.springframework.boot.StartupInfoLogger] [main] [59] [INFO ] Started AppdemoApplication in 17.113 seconds (JVM running for 25.794)
[2019-03-11 16:54:12 ] [org.apache.juli.logging.DirectJDKLog] [http-nio-8080-exec-3] [173] [INFO ] Initializing Spring DispatcherServlet 'dispatcherServlet'
[2019-03-11 16:54:12 ] [org.springframework.web.servlet.FrameworkServlet] [http-nio-8080-exec-3] [524] [INFO ] Initializing Servlet 'dispatcherServlet'
[2019-03-11 16:54:12 ] [org.springframework.web.servlet.DispatcherServlet] [http-nio-8080-exec-3] [525] [DEBUG] Detected StandardServletMultipartResolver
[2019-03-11 16:54:12 ] [org.springframework.web.servlet.FrameworkServlet] [http-nio-8080-exec-3] [541] [DEBUG] enableLoggingRequestDetails='false': request parameters and headers will be masked to prevent unsafe logging of potentially sensitive data
[2019-03-11 16:54:12 ] [org.springframework.web.servlet.FrameworkServlet] [http-nio-8080-exec-3] [546] [INFO ] Completed initialization in 96 ms
[2019-03-11 16:54:13 ] [org.springframework.core.log.LogFormatUtils] [http-nio-8080-exec-3] [90] [DEBUG] GET "/login", parameters={}
[2019-03-11 16:54:13 ] [org.springframework.web.servlet.handler.AbstractHandlerMapping] [http-nio-8080-exec-3] [420] [DEBUG] Mapped to public java.lang.String karol.appdemo.mainController.LoginPageController.showLoginPage()
[2019-03-11 16:54:13 ] [org.springframework.web.servlet.view.ContentNegotiatingViewResolver] [http-nio-8080-exec-3] [347] [DEBUG] Selected 'text/html' given [text/html, application/xhtml+xml, image/webp, image/apng, application/xml;q=0.9, */*;q=0.8]
[2019-03-11 16:54:13 ] [org.springframework.web.servlet.view.AbstractView] [http-nio-8080-exec-3] [309] [DEBUG] View name 'login', model {}
[2019-03-11 16:54:13 ] [org.springframework.web.servlet.view.InternalResourceView] [http-nio-8080-exec-3] [168] [DEBUG] Forwarding to [/WEB-INF/jsp/login.jsp]
[2019-03-11 16:54:16 ] [org.apache.juli.logging.DirectJDKLog] [http-nio-8080-exec-3] [173] [WARN ] Creation of SecureRandom instance for session ID generation using [SHA1PRNG] took [150] milliseconds.
[2019-03-11 16:54:16 ] [org.springframework.web.servlet.FrameworkServlet] [http-nio-8080-exec-3] [1130] [DEBUG] Completed 200 OK
[2019-03-11 16:54:16 ] [org.springframework.core.log.LogFormatUtils] [http-nio-8080-exec-7] [90] [DEBUG] GET "/resources/css/style.css", parameters={}
[2019-03-11 16:54:16 ] [org.springframework.web.servlet.handler.AbstractHandlerMapping] [http-nio-8080-exec-7] [420] [DEBUG] Mapped to ResourceHttpRequestHandler ["classpath:/META-INF/resources/", "classpath:/resources/", "classpath:/static/", "classpath:/public/", "/"]
[2019-03-11 16:54:16 ] [org.springframework.web.servlet.FrameworkServlet] [http-nio-8080-exec-7] [1130] [DEBUG] Completed 200 OK
[2019-03-11 16:54:25 ] [org.springframework.core.log.LogFormatUtils] [http-nio-8080-exec-2] [90] [DEBUG] GET "/", parameters={}
[2019-03-11 16:54:25 ] [org.springframework.web.servlet.handler.AbstractHandlerMapping] [http-nio-8080-exec-2] [420] [DEBUG] Mapped to public java.lang.String karol.appdemo.mainController.MainPageController.showMainPage()
[2019-03-11 16:54:25 ] [karol.appdemo.mainController.MainPageController] [http-nio-8080-exec-2] [19] [INFO ] **** WYWO£ANO > showMainPage()
[2019-03-11 16:54:25 ] [org.springframework.web.servlet.view.ContentNegotiatingViewResolver] [http-nio-8080-exec-2] [347] [DEBUG] Selected 'text/html' given [text/html, application/xhtml+xml, image/webp, image/apng, application/xml;q=0.9, */*;q=0.8]
[2019-03-11 16:54:25 ] [org.springframework.web.servlet.view.AbstractView] [http-nio-8080-exec-2] [309] [DEBUG] View name 'index', model {}
[2019-03-11 16:54:25 ] [org.springframework.web.servlet.view.InternalResourceView] [http-nio-8080-exec-2] [168] [DEBUG] Forwarding to [/WEB-INF/jsp/index.jsp]
[2019-03-11 16:54:25 ] [org.springframework.core.log.LogFormatUtils] [http-nio-8080-exec-10] [90] [DEBUG] GET "/", parameters={}
[2019-03-11 16:54:25 ] [org.springframework.web.servlet.handler.AbstractHandlerMapping] [http-nio-8080-exec-10] [420] [DEBUG] Mapped to public java.lang.String karol.appdemo.mainController.MainPageController.showMainPage()
[2019-03-11 16:54:25 ] [karol.appdemo.mainController.MainPageController] [http-nio-8080-exec-10] [19] [INFO ] **** WYWO£ANO > showMainPage()
[2019-03-11 16:54:26 ] [org.springframework.web.servlet.view.ContentNegotiatingViewResolver] [http-nio-8080-exec-10] [347] [DEBUG] Selected 'text/html' given [text/html, application/xhtml+xml, image/webp, image/apng, application/xml;q=0.9, */*;q=0.8]
[2019-03-11 16:54:26 ] [org.springframework.web.servlet.view.AbstractView] [http-nio-8080-exec-10] [309] [DEBUG] View name 'index', model {}
[2019-03-11 16:54:26 ] [org.springframework.web.servlet.view.InternalResourceView] [http-nio-8080-exec-10] [168] [DEBUG] Forwarding to [/WEB-INF/jsp/index.jsp]
[2019-03-11 16:54:26 ] [org.springframework.web.servlet.FrameworkServlet] [http-nio-8080-exec-10] [1130] [DEBUG] Completed 200 OK
[2019-03-11 16:54:26 ] [org.springframework.web.servlet.FrameworkServlet] [http-nio-8080-exec-2] [1130] [DEBUG] Completed 200 OK
[2019-03-11 16:54:27 ] [org.springframework.core.log.LogFormatUtils] [http-nio-8080-exec-1] [90] [DEBUG] GET "/admin", parameters={}
[2019-03-11 16:54:27 ] [org.springframework.web.servlet.handler.AbstractHandlerMapping] [http-nio-8080-exec-1] [420] [DEBUG] Mapped to public java.lang.String karol.appdemo.admin.AdminPageController.openAdminMainPage()
[2019-03-11 16:54:27 ] [org.springframework.web.servlet.view.ContentNegotiatingViewResolver] [http-nio-8080-exec-1] [347] [DEBUG] Selected 'text/html' given [text/html, application/xhtml+xml, image/webp, image/apng, application/xml;q=0.9, */*;q=0.8]
[2019-03-11 16:54:27 ] [org.springframework.web.servlet.view.AbstractView] [http-nio-8080-exec-1] [309] [DEBUG] View name 'admin/admin', model {}
[2019-03-11 16:54:27 ] [org.springframework.web.servlet.view.InternalResourceView] [http-nio-8080-exec-1] [168] [DEBUG] Forwarding to [/WEB-INF/jsp/admin/admin.jsp]
[2019-03-11 16:54:27 ] [org.springframework.web.servlet.FrameworkServlet] [http-nio-8080-exec-1] [1130] [DEBUG] Completed 200 OK
[2019-03-11 16:54:29 ] [org.springframework.core.log.LogFormatUtils] [http-nio-8080-exec-5] [90] [DEBUG] GET "/admin/users/1", parameters={}
[2019-03-11 16:54:29 ] [org.springframework.web.servlet.handler.AbstractHandlerMapping] [http-nio-8080-exec-5] [420] [DEBUG] Mapped to public java.lang.String karol.appdemo.admin.AdminPageController.openAdminAllUsersPage(int,org.springframework.ui.Model)
[2019-03-11 16:54:30 ] [org.springframework.web.servlet.view.ContentNegotiatingViewResolver] [http-nio-8080-exec-5] [347] [DEBUG] Selected 'text/html' given [text/html, application/xhtml+xml, image/webp, image/apng, application/xml;q=0.9, */*;q=0.8]
[2019-03-11 16:54:30 ] [org.springframework.web.servlet.view.AbstractView] [http-nio-8080-exec-5] [309] [DEBUG] View name 'admin/users', model {totalPages=5, currentPage=1, userList=[karol.appdemo.user.User@63c5cc27, karol.appdemo.user.User@582bb8f3, karol.appdemo.user.User@6f836318, karol.appdemo.user.User@6310ffbc, karol.appdemo.user.User@149e35bb, karol.appdemo.user.User@1177fbfb, karol.appdemo.user.User@6598c16e, karol.appdemo.user.User@1913f7e, karol.appdemo.user.User@6447f11a, karol.appdemo.user.User@4a41764a, karol.appdemo.user.User@69714ddd, karol.appdemo.user.User@6113e542, karol.appdemo.user.User@3a87075b, karol.appdemo.user.User@7bb5d567, karol.appdemo.user.User@668ebfd7], recordStartCounter=0}
[2019-03-11 16:54:30 ] [org.springframework.web.servlet.view.InternalResourceView] [http-nio-8080-exec-5] [168] [DEBUG] Forwarding to [/WEB-INF/jsp/admin/users.jsp]
[2019-03-11 16:54:31 ] [org.springframework.web.servlet.FrameworkServlet] [http-nio-8080-exec-5] [1130] [DEBUG] Completed 200 OK
[2019-03-11 16:55:08 ] [org.springframework.scheduling.concurrent.ExecutorConfigurationSupport] [Thread-3] [208] [INFO ] Shutting down ExecutorService 'applicationTaskExecutor'
[2019-03-11 16:55:08 ] [org.springframework.orm.jpa.AbstractEntityManagerFactoryBean] [Thread-3] [597] [INFO ] Closing JPA EntityManagerFactory for persistence unit 'default'
[2019-03-11 16:55:08 ] [com.zaxxer.hikari.HikariDataSource] [Thread-3] [350] [INFO ] HikariPool-1 - Shutdown initiated...
[2019-03-11 16:55:08 ] [com.zaxxer.hikari.HikariDataSource] [Thread-3] [352] [INFO ] HikariPool-1 - Shutdown completed.
[2019-03-11 17:44:08 ] [org.springframework.boot.StartupInfoLogger] [main] [50] [INFO ] Starting AppdemoApplication on Cross-KarOL-PC with PID 5156 (C:\Users\Cross-KarOL\Desktop\appdemo\target\classes started by Cross-KarOL in C:\Users\Cross-KarOL\Desktop\appdemo)
[2019-03-11 17:44:08 ] [org.springframework.boot.StartupInfoLogger] [main] [53] [DEBUG] Running with Spring Boot v2.1.3.RELEASE, Spring v5.1.5.RELEASE
[2019-03-11 17:44:08 ] [org.springframework.boot.SpringApplication] [main] [675] [INFO ] No active profile set, falling back to default profiles: default
[2019-03-11 17:44:10 ] [org.springframework.data.repository.config.RepositoryConfigurationDelegate] [main] [126] [INFO ] Bootstrapping Spring Data repositories in DEFAULT mode.
[2019-03-11 17:44:10 ] [org.springframework.data.repository.config.RepositoryConfigurationDelegate] [main] [182] [INFO ] Finished Spring Data repository scanning in 133ms. Found 3 repository interfaces.
[2019-03-11 17:44:11 ] [org.springframework.context.support.PostProcessorRegistrationDelegate$BeanPostProcessorChecker] [main] [330] [INFO ] Bean 'org.springframework.transaction.annotation.ProxyTransactionManagementConfiguration' of type [org.springframework.transaction.annotation.ProxyTransactionManagementConfiguration$$EnhancerBySpringCGLIB$$72119482] is not eligible for getting processed by all BeanPostProcessors (for example: not eligible for auto-proxying)
[2019-03-11 17:44:11 ] [org.springframework.context.support.PostProcessorRegistrationDelegate$BeanPostProcessorChecker] [main] [330] [INFO ] Bean 'org.springframework.security.config.annotation.configuration.ObjectPostProcessorConfiguration' of type [org.springframework.security.config.annotation.configuration.ObjectPostProcessorConfiguration$$EnhancerBySpringCGLIB$$abf5cbc] is not eligible for getting processed by all BeanPostProcessors (for example: not eligible for auto-proxying)
[2019-03-11 17:44:11 ] [org.springframework.context.support.PostProcessorRegistrationDelegate$BeanPostProcessorChecker] [main] [330] [INFO ] Bean 'objectPostProcessor' of type [org.springframework.security.config.annotation.configuration.AutowireBeanFactoryObjectPostProcessor] is not eligible for getting processed by all BeanPostProcessors (for example: not eligible for auto-proxying)
[2019-03-11 17:44:11 ] [org.springframework.context.support.PostProcessorRegistrationDelegate$BeanPostProcessorChecker] [main] [330] [INFO ] Bean 'org.springframework.security.access.expression.method.DefaultMethodSecurityExpressionHandler@3368e306' of type [org.springframework.security.access.expression.method.DefaultMethodSecurityExpressionHandler] is not eligible for getting processed by all BeanPostProcessors (for example: not eligible for auto-proxying)
[2019-03-11 17:44:11 ] [org.springframework.context.support.PostProcessorRegistrationDelegate$BeanPostProcessorChecker] [main] [330] [INFO ] Bean 'org.springframework.security.config.annotation.method.configuration.GlobalMethodSecurityConfiguration' of type [org.springframework.security.config.annotation.method.configuration.GlobalMethodSecurityConfiguration$$EnhancerBySpringCGLIB$$2f93ff6e] is not eligible for getting processed by all BeanPostProcessors (for example: not eligible for auto-proxying)
[2019-03-11 17:44:11 ] [org.springframework.context.support.PostProcessorRegistrationDelegate$BeanPostProcessorChecker] [main] [330] [INFO ] Bean 'methodSecurityMetadataSource' of type [org.springframework.security.access.method.DelegatingMethodSecurityMetadataSource] is not eligible for getting processed by all BeanPostProcessors (for example: not eligible for auto-proxying)
[2019-03-11 17:44:11 ] [org.springframework.context.support.PostProcessorRegistrationDelegate$BeanPostProcessorChecker] [main] [330] [INFO ] Bean 'org.springframework.hateoas.config.HateoasConfiguration' of type [org.springframework.hateoas.config.HateoasConfiguration$$EnhancerBySpringCGLIB$$f191e1b4] is not eligible for getting processed by all BeanPostProcessors (for example: not eligible for auto-proxying)
[2019-03-11 17:44:13 ] [org.springframework.boot.web.embedded.tomcat.TomcatWebServer] [main] [90] [INFO ] Tomcat initialized with port(s): 8080 (http)
[2019-03-11 17:44:13 ] [org.apache.juli.logging.DirectJDKLog] [main] [173] [INFO ] Initializing ProtocolHandler ["http-nio-8080"]
[2019-03-11 17:44:13 ] [org.apache.juli.logging.DirectJDKLog] [main] [173] [INFO ] Starting service [Tomcat]
[2019-03-11 17:44:13 ] [org.apache.juli.logging.DirectJDKLog] [main] [173] [INFO ] Starting Servlet engine: [Apache Tomcat/9.0.16]
[2019-03-11 17:44:13 ] [org.apache.juli.logging.DirectJDKLog] [main] [173] [INFO ] The APR based Apache Tomcat Native library which allows optimal performance in production environments was not found on the java.library.path: [C:\Program Files\Java\jdk-10.0.1\bin;C:\Windows\Sun\Java\bin;C:\Windows\system32;C:\Windows;C:\Program Files\Java\jdk-10.0.1\bin;C:\Program Files\MySQL\MySQL Server 5.1\bin;C:\Program Files\PuTTY\;C:\apache-maven-3.6.0\bin;.]
[2019-03-11 17:44:13 ] [org.apache.juli.logging.DirectJDKLog] [main] [173] [INFO ] At least one JAR was scanned for TLDs yet contained no TLDs. Enable debug logging for this logger for a complete list of JARs that were scanned but no TLDs were found in them. Skipping unneeded JARs during scanning can improve startup time and JSP compilation time.
[2019-03-11 17:44:13 ] [org.apache.juli.logging.DirectJDKLog] [main] [173] [INFO ] Initializing Spring embedded WebApplicationContext
[2019-03-11 17:44:13 ] [org.springframework.boot.web.servlet.context.ServletWebServerApplicationContext] [main] [288] [DEBUG] Published root WebApplicationContext as ServletContext attribute with name [org.springframework.web.context.WebApplicationContext.ROOT]
[2019-03-11 17:44:13 ] [org.springframework.boot.web.servlet.context.ServletWebServerApplicationContext] [main] [296] [INFO ] Root WebApplicationContext: initialization completed in 4745 ms
[2019-03-11 17:44:14 ] [com.zaxxer.hikari.HikariDataSource] [main] [110] [INFO ] HikariPool-1 - Starting...
[2019-03-11 17:44:14 ] [com.zaxxer.hikari.HikariDataSource] [main] [123] [INFO ] HikariPool-1 - Start completed.
[2019-03-11 17:44:17 ] [org.springframework.orm.jpa.AbstractEntityManagerFactoryBean] [main] [415] [INFO ] Initialized JPA EntityManagerFactory for persistence unit 'default'
[2019-03-11 17:44:20 ] [org.springframework.security.web.DefaultSecurityFilterChain] [main] [43] [INFO ] Creating filter chain: Ant [pattern='/resources/**'], []
[2019-03-11 17:44:20 ] [org.springframework.security.web.DefaultSecurityFilterChain] [main] [43] [INFO ] Creating filter chain: Ant [pattern='/statics/**'], []
[2019-03-11 17:44:20 ] [org.springframework.security.web.DefaultSecurityFilterChain] [main] [43] [INFO ] Creating filter chain: Ant [pattern='/static/css/**'], []
[2019-03-11 17:44:20 ] [org.springframework.security.web.DefaultSecurityFilterChain] [main] [43] [INFO ] Creating filter chain: Ant [pattern='/js/**'], []
[2019-03-11 17:44:20 ] [org.springframework.security.web.DefaultSecurityFilterChain] [main] [43] [INFO ] Creating filter chain: Ant [pattern='/images/**'], []
[2019-03-11 17:44:20 ] [org.springframework.security.web.DefaultSecurityFilterChain] [main] [43] [INFO ] Creating filter chain: Ant [pattern='/incl/**'], []
[2019-03-11 17:44:20 ] [org.springframework.security.web.DefaultSecurityFilterChain] [main] [43] [INFO ] Creating filter chain: any request, [org.springframework.security.web.context.request.async.WebAsyncManagerIntegrationFilter@39beb4c6, org.springframework.security.web.context.SecurityContextPersistenceFilter@3e360bf2, org.springframework.security.web.header.HeaderWriterFilter@57f57bee, org.springframework.security.web.authentication.logout.LogoutFilter@60bce40f, org.springframework.security.web.authentication.UsernamePasswordAuthenticationFilter@68105e2d, org.springframework.security.web.savedrequest.RequestCacheAwareFilter@77aef85e, org.springframework.security.web.servletapi.SecurityContextHolderAwareRequestFilter@78011a6f, org.springframework.security.web.authentication.AnonymousAuthenticationFilter@7d758b2d, org.springframework.security.web.session.SessionManagementFilter@3f96b99e, org.springframework.security.web.access.ExceptionTranslationFilter@7f224bf1, org.springframework.security.web.access.intercept.FilterSecurityInterceptor@5eb3de2b]
[2019-03-11 17:44:20 ] [org.springframework.web.servlet.handler.SimpleUrlHandlerMapping] [main] [139] [DEBUG] Patterns [/**/favicon.ico] in 'faviconHandlerMapping'
[2019-03-11 17:44:20 ] [org.springframework.scheduling.concurrent.ExecutorConfigurationSupport] [main] [171] [INFO ] Initializing ExecutorService 'applicationTaskExecutor'
[2019-03-11 17:44:20 ] [org.springframework.web.servlet.mvc.method.annotation.RequestMappingHandlerAdapter] [main] [622] [DEBUG] ControllerAdvice beans: 0 @ModelAttribute, 0 @InitBinder, 1 RequestBodyAdvice, 1 ResponseBodyAdvice
[2019-03-11 17:44:20 ] [org.springframework.boot.autoconfigure.orm.jpa.JpaBaseConfiguration$JpaWebConfiguration$JpaWebMvcConfiguration] [main] [236] [WARN ] spring.jpa.open-in-view is enabled by default. Therefore, database queries may be performed during view rendering. Explicitly configure spring.jpa.open-in-view to disable this warning
[2019-03-11 17:44:21 ] [org.springframework.web.servlet.handler.AbstractHandlerMethodMapping] [main] [350] [DEBUG] 17 mappings in 'requestMappingHandlerMapping'
[2019-03-11 17:44:21 ] [org.springframework.web.servlet.handler.SimpleUrlHandlerMapping] [main] [139] [DEBUG] Patterns [/webjars/**, /resources/**] in 'resourceHandlerMapping'
[2019-03-11 17:44:21 ] [org.springframework.web.servlet.mvc.method.annotation.ExceptionHandlerExceptionResolver] [main] [302] [DEBUG] ControllerAdvice beans: 1 @ExceptionHandler, 1 ResponseBodyAdvice
[2019-03-11 17:44:21 ] [org.springframework.boot.autoconfigure.web.servlet.WelcomePageHandlerMapping] [main] [61] [INFO ] Adding welcome page template: index
[2019-03-11 17:44:22 ] [org.springframework.boot.autoconfigure.security.servlet.UserDetailsServiceAutoConfiguration] [main] [86] [INFO ] 

Using generated security password: a31798e9-6ffa-4f10-9023-18369264a2df

[2019-03-11 17:44:22 ] [org.apache.juli.logging.DirectJDKLog] [main] [173] [INFO ] Starting ProtocolHandler ["http-nio-8080"]
[2019-03-11 17:44:22 ] [org.springframework.boot.web.embedded.tomcat.TomcatWebServer] [main] [204] [INFO ] Tomcat started on port(s): 8080 (http) with context path ''
[2019-03-11 17:44:22 ] [org.springframework.boot.StartupInfoLogger] [main] [59] [INFO ] Started AppdemoApplication in 14.483 seconds (JVM running for 25.49)
[2019-03-11 17:44:45 ] [org.apache.juli.logging.DirectJDKLog] [http-nio-8080-exec-8] [173] [INFO ] Initializing Spring DispatcherServlet 'dispatcherServlet'
[2019-03-11 17:44:45 ] [org.springframework.web.servlet.FrameworkServlet] [http-nio-8080-exec-8] [524] [INFO ] Initializing Servlet 'dispatcherServlet'
[2019-03-11 17:44:45 ] [org.springframework.web.servlet.DispatcherServlet] [http-nio-8080-exec-8] [525] [DEBUG] Detected StandardServletMultipartResolver
[2019-03-11 17:44:45 ] [org.springframework.web.servlet.FrameworkServlet] [http-nio-8080-exec-8] [541] [DEBUG] enableLoggingRequestDetails='false': request parameters and headers will be masked to prevent unsafe logging of potentially sensitive data
[2019-03-11 17:44:45 ] [org.springframework.web.servlet.FrameworkServlet] [http-nio-8080-exec-8] [546] [INFO ] Completed initialization in 51 ms
[2019-03-11 17:44:45 ] [org.springframework.core.log.LogFormatUtils] [http-nio-8080-exec-4] [90] [DEBUG] GET "/", parameters={}
[2019-03-11 17:44:45 ] [org.springframework.web.servlet.handler.AbstractHandlerMapping] [http-nio-8080-exec-4] [420] [DEBUG] Mapped to public java.lang.String karol.appdemo.mainController.MainPageController.showMainPage()
[2019-03-11 17:44:45 ] [karol.appdemo.mainController.MainPageController] [http-nio-8080-exec-4] [19] [INFO ] **** WYWO£ANO > showMainPage()
[2019-03-11 17:44:45 ] [org.springframework.web.servlet.view.ContentNegotiatingViewResolver] [http-nio-8080-exec-4] [347] [DEBUG] Selected 'text/html' given [text/html, application/xhtml+xml, image/webp, image/apng, application/xml;q=0.9, */*;q=0.8]
[2019-03-11 17:44:45 ] [org.springframework.web.servlet.view.AbstractView] [http-nio-8080-exec-4] [309] [DEBUG] View name 'index', model {}
[2019-03-11 17:44:45 ] [org.springframework.web.servlet.view.InternalResourceView] [http-nio-8080-exec-4] [168] [DEBUG] Forwarding to [/WEB-INF/jsp/index.jsp]
[2019-03-11 17:44:47 ] [org.apache.juli.logging.DirectJDKLog] [http-nio-8080-exec-4] [173] [WARN ] Creation of SecureRandom instance for session ID generation using [SHA1PRNG] took [169] milliseconds.
[2019-03-11 17:44:47 ] [org.springframework.web.servlet.FrameworkServlet] [http-nio-8080-exec-4] [1130] [DEBUG] Completed 200 OK
[2019-03-11 17:44:47 ] [org.springframework.core.log.LogFormatUtils] [http-nio-8080-exec-7] [90] [DEBUG] GET "/resources/css/style.css", parameters={}
[2019-03-11 17:44:47 ] [org.springframework.web.servlet.handler.AbstractHandlerMapping] [http-nio-8080-exec-7] [420] [DEBUG] Mapped to ResourceHttpRequestHandler ["classpath:/META-INF/resources/", "classpath:/resources/", "classpath:/static/", "classpath:/public/", "/"]
[2019-03-11 17:44:47 ] [org.springframework.web.servlet.FrameworkServlet] [http-nio-8080-exec-7] [1130] [DEBUG] Completed 304 NOT_MODIFIED
[2019-03-11 17:44:49 ] [org.springframework.core.log.LogFormatUtils] [http-nio-8080-exec-3] [90] [DEBUG] GET "/", parameters={}
[2019-03-11 17:44:49 ] [org.springframework.web.servlet.handler.AbstractHandlerMapping] [http-nio-8080-exec-3] [420] [DEBUG] Mapped to public java.lang.String karol.appdemo.mainController.MainPageController.showMainPage()
[2019-03-11 17:44:49 ] [karol.appdemo.mainController.MainPageController] [http-nio-8080-exec-3] [19] [INFO ] **** WYWO£ANO > showMainPage()
[2019-03-11 17:44:49 ] [org.springframework.web.servlet.view.ContentNegotiatingViewResolver] [http-nio-8080-exec-3] [347] [DEBUG] Selected 'text/html' given [text/html, application/xhtml+xml, image/webp, image/apng, application/xml;q=0.9, */*;q=0.8]
[2019-03-11 17:44:49 ] [org.springframework.web.servlet.view.AbstractView] [http-nio-8080-exec-3] [309] [DEBUG] View name 'index', model {}
[2019-03-11 17:44:49 ] [org.springframework.web.servlet.view.InternalResourceView] [http-nio-8080-exec-3] [168] [DEBUG] Forwarding to [/WEB-INF/jsp/index.jsp]
[2019-03-11 17:44:49 ] [org.springframework.web.servlet.FrameworkServlet] [http-nio-8080-exec-3] [1130] [DEBUG] Completed 200 OK
[2019-03-11 17:44:50 ] [org.springframework.core.log.LogFormatUtils] [http-nio-8080-exec-10] [90] [DEBUG] GET "/login", parameters={}
[2019-03-11 17:44:50 ] [org.springframework.web.servlet.handler.AbstractHandlerMapping] [http-nio-8080-exec-10] [420] [DEBUG] Mapped to public java.lang.String karol.appdemo.mainController.LoginPageController.showLoginPage()
[2019-03-11 17:44:50 ] [org.springframework.web.servlet.view.ContentNegotiatingViewResolver] [http-nio-8080-exec-10] [347] [DEBUG] Selected 'text/html' given [text/html, application/xhtml+xml, image/webp, image/apng, application/xml;q=0.9, */*;q=0.8]
[2019-03-11 17:44:50 ] [org.springframework.web.servlet.view.AbstractView] [http-nio-8080-exec-10] [309] [DEBUG] View name 'login', model {}
[2019-03-11 17:44:50 ] [org.springframework.web.servlet.view.InternalResourceView] [http-nio-8080-exec-10] [168] [DEBUG] Forwarding to [/WEB-INF/jsp/login.jsp]
[2019-03-11 17:44:50 ] [org.springframework.web.servlet.FrameworkServlet] [http-nio-8080-exec-10] [1130] [DEBUG] Completed 200 OK
[2019-03-11 17:45:07 ] [org.springframework.core.log.LogFormatUtils] [http-nio-8080-exec-9] [90] [DEBUG] GET "/", parameters={}
[2019-03-11 17:45:07 ] [org.springframework.web.servlet.handler.AbstractHandlerMapping] [http-nio-8080-exec-9] [420] [DEBUG] Mapped to public java.lang.String karol.appdemo.mainController.MainPageController.showMainPage()
[2019-03-11 17:45:07 ] [karol.appdemo.mainController.MainPageController] [http-nio-8080-exec-9] [19] [INFO ] **** WYWO£ANO > showMainPage()
[2019-03-11 17:45:07 ] [org.springframework.web.servlet.view.ContentNegotiatingViewResolver] [http-nio-8080-exec-9] [347] [DEBUG] Selected 'text/html' given [text/html, application/xhtml+xml, image/webp, image/apng, application/xml;q=0.9, */*;q=0.8]
[2019-03-11 17:45:07 ] [org.springframework.web.servlet.view.AbstractView] [http-nio-8080-exec-9] [309] [DEBUG] View name 'index', model {}
[2019-03-11 17:45:07 ] [org.springframework.web.servlet.view.InternalResourceView] [http-nio-8080-exec-9] [168] [DEBUG] Forwarding to [/WEB-INF/jsp/index.jsp]
[2019-03-11 17:45:07 ] [org.springframework.web.servlet.FrameworkServlet] [http-nio-8080-exec-9] [1130] [DEBUG] Completed 200 OK
[2019-03-11 17:45:08 ] [org.springframework.core.log.LogFormatUtils] [http-nio-8080-exec-5] [90] [DEBUG] GET "/", parameters={}
[2019-03-11 17:45:08 ] [org.springframework.web.servlet.handler.AbstractHandlerMapping] [http-nio-8080-exec-5] [420] [DEBUG] Mapped to public java.lang.String karol.appdemo.mainController.MainPageController.showMainPage()
[2019-03-11 17:45:08 ] [karol.appdemo.mainController.MainPageController] [http-nio-8080-exec-5] [19] [INFO ] **** WYWO£ANO > showMainPage()
[2019-03-11 17:45:08 ] [org.springframework.web.servlet.view.ContentNegotiatingViewResolver] [http-nio-8080-exec-5] [347] [DEBUG] Selected 'text/html' given [text/html, application/xhtml+xml, image/webp, image/apng, application/xml;q=0.9, */*;q=0.8]
[2019-03-11 17:45:08 ] [org.springframework.web.servlet.view.AbstractView] [http-nio-8080-exec-5] [309] [DEBUG] View name 'index', model {}
[2019-03-11 17:45:08 ] [org.springframework.web.servlet.view.InternalResourceView] [http-nio-8080-exec-5] [168] [DEBUG] Forwarding to [/WEB-INF/jsp/index.jsp]
[2019-03-11 17:45:08 ] [org.springframework.web.servlet.FrameworkServlet] [http-nio-8080-exec-5] [1130] [DEBUG] Completed 200 OK
[2019-03-11 17:45:32 ] [org.springframework.core.log.LogFormatUtils] [http-nio-8080-exec-8] [90] [DEBUG] GET "/admin", parameters={}
[2019-03-11 17:45:32 ] [org.springframework.web.servlet.handler.AbstractHandlerMapping] [http-nio-8080-exec-8] [420] [DEBUG] Mapped to public java.lang.String karol.appdemo.admin.AdminPageController.openAdminMainPage()
[2019-03-11 17:45:32 ] [org.springframework.web.servlet.view.ContentNegotiatingViewResolver] [http-nio-8080-exec-8] [347] [DEBUG] Selected 'text/html' given [text/html, application/xhtml+xml, image/webp, image/apng, application/xml;q=0.9, */*;q=0.8]
[2019-03-11 17:45:32 ] [org.springframework.web.servlet.view.AbstractView] [http-nio-8080-exec-8] [309] [DEBUG] View name 'admin/admin', model {}
[2019-03-11 17:45:32 ] [org.springframework.web.servlet.view.InternalResourceView] [http-nio-8080-exec-8] [168] [DEBUG] Forwarding to [/WEB-INF/jsp/admin/admin.jsp]
[2019-03-11 17:45:32 ] [org.springframework.web.servlet.FrameworkServlet] [http-nio-8080-exec-8] [1130] [DEBUG] Completed 200 OK
[2019-03-11 17:45:33 ] [org.springframework.core.log.LogFormatUtils] [http-nio-8080-exec-4] [90] [DEBUG] GET "/admin/users/1", parameters={}
[2019-03-11 17:45:33 ] [org.springframework.web.servlet.handler.AbstractHandlerMapping] [http-nio-8080-exec-4] [420] [DEBUG] Mapped to public java.lang.String karol.appdemo.admin.AdminPageController.openAdminAllUsersPage(int,org.springframework.ui.Model)
[2019-03-11 17:45:33 ] [karol.appdemo.admin.AdminPageController] [http-nio-8080-exec-4] [57] [INFO ] **** WYWO£ANO > openAdminAllUsersPage(1, {})
[2019-03-11 17:45:33 ] [org.springframework.web.servlet.view.ContentNegotiatingViewResolver] [http-nio-8080-exec-4] [347] [DEBUG] Selected 'text/html' given [text/html, application/xhtml+xml, image/webp, image/apng, application/xml;q=0.9, */*;q=0.8]
[2019-03-11 17:45:33 ] [org.springframework.web.servlet.view.AbstractView] [http-nio-8080-exec-4] [309] [DEBUG] View name 'admin/users', model {totalPages=5, currentPage=1, userList=[karol.appdemo.user.User@77d2c81f, karol.appdemo.user.User@5837fce4, karol.appdemo.user.User@436f142b, karol.appdemo.user.User@5df05af7, karol.appdemo.user.User@23088e7, karol.appdemo.user.User@65878499, karol.appdemo.user.User@5e720a4e, karol.appdemo.user.User@10ac495, karol.appdemo.user.User@7fb03e3, karol.appdemo.user.User@5e01fcc9, karol.appdemo.user.User@10efbd3d, karol.appdemo.user.User@4796fdd9, karol.appdemo.user.User@182d0ad3, karol.appdemo.user.User@491b5aab, karol.appdemo.user.User@54f84982], recordStartCounter=0}
[2019-03-11 17:45:33 ] [org.springframework.web.servlet.view.InternalResourceView] [http-nio-8080-exec-4] [168] [DEBUG] Forwarding to [/WEB-INF/jsp/admin/users.jsp]
[2019-03-11 17:45:34 ] [org.springframework.web.servlet.FrameworkServlet] [http-nio-8080-exec-4] [1130] [DEBUG] Completed 200 OK
[2019-03-11 17:46:32 ] [org.springframework.scheduling.concurrent.ExecutorConfigurationSupport] [Thread-3] [208] [INFO ] Shutting down ExecutorService 'applicationTaskExecutor'
[2019-03-11 17:46:32 ] [org.springframework.orm.jpa.AbstractEntityManagerFactoryBean] [Thread-3] [597] [INFO ] Closing JPA EntityManagerFactory for persistence unit 'default'
[2019-03-11 17:46:32 ] [com.zaxxer.hikari.HikariDataSource] [Thread-3] [350] [INFO ] HikariPool-1 - Shutdown initiated...
[2019-03-11 17:46:32 ] [com.zaxxer.hikari.HikariDataSource] [Thread-3] [352] [INFO ] HikariPool-1 - Shutdown completed.
